<?xml version="1.0" encoding="UTF-8"?>
<!-- Generated by org.testng.reporters.JUnitXMLReporter -->
<testsuite hostname="IN-IT0693" ignored="0" name="Test_nything " tests="2" failures="2" timestamp="06 Dec 2017 04:20:30 GMT" time="56.829" errors="0">
  <testcase name="TestToFail" time="0.007" classname="com.starmeup.scripts.TopStars">
    <failure type="java.lang.AssertionError" message="expected [true] but found [false]">
      <![CDATA[java.lang.AssertionError: expected [true] but found [false]
	at com.starmeup.scripts.TopStars.TestToFail(TopStars.java:78)
... Removed 30 stack frames]]>
    </failure>
  </testcase> <!-- TestToFail -->
  <testcase name="topStarsFunctionality" time="29.43" classname="com.starmeup.scripts.TopStars">
    <failure type="java.lang.AssertionError" message="The following asserts failed:
	Not Equal as home.readCommentOnCard()=Dos expected [This is Testing Comment] but found [Dos]">
      <![CDATA[java.lang.AssertionError: The following asserts failed:
	Not Equal as home.readCommentOnCard()=Dos expected [This is Testing Comment] but found [Dos]
	at com.starmeup.scripts.TopStars.topStarsFunctionality(TopStars.java:65)
... Removed 27 stack frames]]>
    </failure>
  </testcase> <!-- topStarsFunctionality -->
</testsuite> <!-- Test_nything  -->
