<?xml version="1.0" encoding="UTF-8"?>
<!-- Generated by org.testng.reporters.JUnitXMLReporter -->
<testsuite hostname="IN-IT0693" ignored="0" name="Test" tests="1" failures="1" timestamp="04 Dec 2017 08:56:50 GMT" time="45.454" errors="0">
  <testcase name="topStarsFunctionality" time="31.187" classname="com.starmeup.scripts.TopStars">
    <failure type="java.lang.AssertionError" message="The following asserts failed:
	Not Equal as home.readCommentOnCard()=KUDOS expected [This is Testing Comment] but found [KUDOS]">
      <![CDATA[java.lang.AssertionError: The following asserts failed:
	Not Equal as home.readCommentOnCard()=KUDOS expected [This is Testing Comment] but found [KUDOS]
	at com.starmeup.scripts.TopStars.topStarsFunctionality(TopStars.java:62)
... Removed 26 stack frames]]>
    </failure>
  </testcase> <!-- topStarsFunctionality -->
</testsuite> <!-- Test -->
